# JRE version: Java(TM) SE Runtime Environment (8.0_211-b12) (build 1.8.0_211-b12)
# Java VM: Java HotSpot(TM) 64-Bit Server VM (25.211-b12 mixed mode windows-amd64 compressed oops)
Heap:
 PSYoungGen      total 178688K, used 100124K [0x00000000d5f80000, 0x00000000e3b80000, 0x0000000100000000)
  eden space 166400K, 60% used [0x00000000d5f80000,0x00000000dc147188,0x00000000e0200000)
  from space 12288K, 0% used [0x00000000e1080000,0x00000000e1080000,0x00000000e1c80000)
  to   space 14848K, 0% used [0x00000000e0200000,0x00000000e0200000,0x00000000e1080000)
 ParOldGen       total 90112K, used 17480K [0x0000000081e00000, 0x0000000087600000, 0x00000000d5f80000)
  object space 90112K, 19% used [0x0000000081e00000,0x0000000082f12350,0x0000000087600000)
 Metaspace       used 39011K, capacity 40944K, committed 41088K, reserved 1085440K
  class space    used 5037K, capacity 5422K, committed 5504K, reserved 1048576K
GC Heap History (10 events):
Event: 1.396 GC heap before
{Heap before GC invocations=6 (full 1):
 PSYoungGen      total 71680K, used 5089K [0x00000000d5f80000, 0x00000000df480000, 0x0000000100000000)
  eden space 66560K, 0% used [0x00000000d5f80000,0x00000000d5f80000,0x00000000da080000)
  from space 5120K, 99% used [0x00000000da080000,0x00000000da5786a0,0x00000000da580000)
  to   space 9728K, 0% used [0x00000000deb00000,0x00000000deb00000,0x00000000df480000)
 ParOldGen       total 87552K, used 6557K [0x0000000081e00000, 0x0000000087380000, 0x00000000d5f80000)
  object space 87552K, 7% used [0x0000000081e00000,0x00000000824674b0,0x0000000087380000)
 Metaspace       used 20584K, capacity 21180K, committed 21296K, reserved 1067008K
  class space    used 2685K, capacity 2871K, committed 2944K, reserved 1048576K
Event: 1.418 GC heap after
Heap after GC invocations=6 (full 1):
 PSYoungGen      total 71680K, used 0K [0x00000000d5f80000, 0x00000000df480000, 0x0000000100000000)
  eden space 66560K, 0% used [0x00000000d5f80000,0x00000000d5f80000,0x00000000da080000)
  from space 5120K, 0% used [0x00000000da080000,0x00000000da080000,0x00000000da580000)
  to   space 9728K, 0% used [0x00000000deb00000,0x00000000deb00000,0x00000000df480000)
 ParOldGen       total 56320K, used 7504K [0x0000000081e00000, 0x0000000085500000, 0x00000000d5f80000)
  object space 56320K, 13% used [0x0000000081e00000,0x00000000825540a0,0x0000000085500000)
 Metaspace       used 20580K, capacity 21168K, committed 21296K, reserved 1067008K
  class space    used 2684K, capacity 2869K, committed 2944K, reserved 1048576K
}
Event: 1.768 GC heap before
{Heap before GC invocations=7 (full 1):
 PSYoungGen      total 71680K, used 66560K [0x00000000d5f80000, 0x00000000df480000, 0x0000000100000000)
  eden space 66560K, 100% used [0x00000000d5f80000,0x00000000da080000,0x00000000da080000)
  from space 5120K, 0% used [0x00000000da080000,0x00000000da080000,0x00000000da580000)
  to   space 9728K, 0% used [0x00000000deb00000,0x00000000deb00000,0x00000000df480000)
 ParOldGen       total 56320K, used 7504K [0x0000000081e00000, 0x0000000085500000, 0x00000000d5f80000)
  object space 56320K, 13% used [0x0000000081e00000,0x00000000825540a0,0x0000000085500000)
 Metaspace       used 23790K, capacity 24564K, committed 24832K, reserved 1071104K
  class space    used 3068K, capacity 3263K, committed 3328K, reserved 1048576K
Event: 1.772 GC heap after
Heap after GC invocations=7 (full 1):
 PSYoungGen      total 111104K, used 3547K [0x00000000d5f80000, 0x00000000dee80000, 0x0000000100000000)
  eden space 107520K, 0% used [0x00000000d5f80000,0x00000000d5f80000,0x00000000dc880000)
  from space 3584K, 98% used [0x00000000deb00000,0x00000000dee76c08,0x00000000dee80000)
  to   space 9728K, 0% used [0x00000000ddb80000,0x00000000ddb80000,0x00000000de500000)
 ParOldGen       total 56320K, used 7576K [0x0000000081e00000, 0x0000000085500000, 0x00000000d5f80000)
  object space 56320K, 13% used [0x0000000081e00000,0x00000000825660b0,0x0000000085500000)
 Metaspace       used 23790K, capacity 24564K, committed 24832K, reserved 1071104K
  class space    used 3068K, capacity 3263K, committed 3328K, reserved 1048576K
}
Event: 2.707 GC heap before
{Heap before GC invocations=8 (full 1):
 PSYoungGen      total 111104K, used 111067K [0x00000000d5f80000, 0x00000000dee80000, 0x0000000100000000)
  eden space 107520K, 100% used [0x00000000d5f80000,0x00000000dc880000,0x00000000dc880000)
  from space 3584K, 98% used [0x00000000deb00000,0x00000000dee76c08,0x00000000dee80000)
  to   space 9728K, 0% used [0x00000000ddb80000,0x00000000ddb80000,0x00000000de500000)
 ParOldGen       total 56320K, used 7576K [0x0000000081e00000, 0x0000000085500000, 0x00000000d5f80000)
  object space 56320K, 13% used [0x0000000081e00000,0x00000000825660b0,0x0000000085500000)
 Metaspace       used 28381K, capacity 29520K, committed 29696K, reserved 1075200K
  class space    used 3754K, capacity 4026K, committed 4096K, reserved 1048576K
Event: 2.715 GC heap after
Heap after GC invocations=8 (full 1):
 PSYoungGen      total 136704K, used 9719K [0x00000000d5f80000, 0x00000000e1c80000, 0x0000000100000000)
  eden space 126976K, 0% used [0x00000000d5f80000,0x00000000d5f80000,0x00000000ddb80000)
  from space 9728K, 99% used [0x00000000ddb80000,0x00000000de4fdce8,0x00000000de500000)
  to   space 12288K, 0% used [0x00000000e1080000,0x00000000e1080000,0x00000000e1c80000)
 ParOldGen       total 56320K, used 9504K [0x0000000081e00000, 0x0000000085500000, 0x00000000d5f80000)
  object space 56320K, 16% used [0x0000000081e00000,0x0000000082748290,0x0000000085500000)
 Metaspace       used 28381K, capacity 29520K, committed 29696K, reserved 1075200K
  class space    used 3754K, capacity 4026K, committed 4096K, reserved 1048576K
}
Event: 3.690 GC heap before
{Heap before GC invocations=9 (full 1):
 PSYoungGen      total 136704K, used 115512K [0x00000000d5f80000, 0x00000000e1c80000, 0x0000000100000000)
  eden space 126976K, 83% used [0x00000000d5f80000,0x00000000dc6d04d0,0x00000000ddb80000)
  from space 9728K, 99% used [0x00000000ddb80000,0x00000000de4fdce8,0x00000000de500000)
  to   space 12288K, 0% used [0x00000000e1080000,0x00000000e1080000,0x00000000e1c80000)
 ParOldGen       total 56320K, used 9504K [0x0000000081e00000, 0x0000000085500000, 0x00000000d5f80000)
  object space 56320K, 16% used [0x0000000081e00000,0x0000000082748290,0x0000000085500000)
 Metaspace       used 33662K, capacity 35340K, committed 35496K, reserved 1079296K
  class space    used 4411K, capacity 4744K, committed 4864K, reserved 1048576K
Event: 3.703 GC heap after
Heap after GC invocations=9 (full 1):
 PSYoungGen      total 178688K, used 12280K [0x00000000d5f80000, 0x00000000e3b80000, 0x0000000100000000)
  eden space 166400K, 0% used [0x00000000d5f80000,0x00000000d5f80000,0x00000000e0200000)
  from space 12288K, 99% used [0x00000000e1080000,0x00000000e1c7e0d8,0x00000000e1c80000)
  to   space 14848K, 0% used [0x00000000e0200000,0x00000000e0200000,0x00000000e1080000)
 ParOldGen       total 56320K, used 10437K [0x0000000081e00000, 0x0000000085500000, 0x00000000d5f80000)
  object space 56320K, 18% used [0x0000000081e00000,0x0000000082831480,0x0000000085500000)
 Metaspace       used 33662K, capacity 35340K, committed 35496K, reserved 1079296K
  class space    used 4411K, capacity 4744K, committed 4864K, reserved 1048576K
}
Event: 3.703 GC heap before
{Heap before GC invocations=10 (full 2):
 PSYoungGen      total 178688K, used 12280K [0x00000000d5f80000, 0x00000000e3b80000, 0x0000000100000000)
  eden space 166400K, 0% used [0x00000000d5f80000,0x00000000d5f80000,0x00000000e0200000)
  from space 12288K, 99% used [0x00000000e1080000,0x00000000e1c7e0d8,0x00000000e1c80000)
  to   space 14848K, 0% used [0x00000000e0200000,0x00000000e0200000,0x00000000e1080000)
 ParOldGen       total 56320K, used 10437K [0x0000000081e00000, 0x0000000085500000, 0x00000000d5f80000)
  object space 56320K, 18% used [0x0000000081e00000,0x0000000082831480,0x0000000085500000)
 Metaspace       used 33662K, capacity 35340K, committed 35496K, reserved 1079296K
  class space    used 4411K, capacity 4744K, committed 4864K, reserved 1048576K
Event: 3.761 GC heap after
Heap after GC invocations=10 (full 2):
 PSYoungGen      total 178688K, used 0K [0x00000000d5f80000, 0x00000000e3b80000, 0x0000000100000000)
  eden space 166400K, 0% used [0x00000000d5f80000,0x00000000d5f80000,0x00000000e0200000)
  from space 12288K, 0% used [0x00000000e1080000,0x00000000e1080000,0x00000000e1c80000)
  to   space 14848K, 0% used [0x00000000e0200000,0x00000000e0200000,0x00000000e1080000)
 ParOldGen       total 90112K, used 17480K [0x0000000081e00000, 0x0000000087600000, 0x00000000d5f80000)
  object space 90112K, 19% used [0x0000000081e00000,0x0000000082f12350,0x0000000087600000)
 Metaspace       used 33662K, capacity 35340K, committed 35496K, reserved 1079296K
  class space    used 4411K, capacity 4744K, committed 4864K, reserved 1048576K
}

